# Columns:
#   1. scale factor
#   2-4. Photo rates (HI, HeI, HeII)
#   5-8. Jnu (LW, HI, HeI, HeII)
#   9-13. <XHI>, <XHII>, <XHeI>, <XHeII>, <XHeIII>, mass-weighted
#   14-18. <XHI>, <XHII>, <XHeI>, <XHeII>, <XHeIII>, volume-weighted
#   19. stellar mass density (Msun/CHIMP^3)
#   20. star formation rate density (Msun/yr/CHIMP^3)
#   21-23. <Tk>, <Ts>, <Tb>, mass-weighted
#   24-26. <Tk>, <Ts>, <Tb>, volume-weighted
 0.0109  0.000e+00  0.000e+00  0.000e+00  0.000e+00  0.000e+00  0.000e+00  0.000e+00  9.998e-01  2.026e-04  1.000e+00  0.000e+00  0.000e+00  9.998e-01  2.026e-04  1.000e+00  0.000e+00  0.000e+00  0.000e+00  0.000e+00  6.998e-06  1.580e+02 -4.552e-02  6.998e-06  1.582e+02 -4.509e-02
 0.0111  0.000e+00  0.000e+00  0.000e+00  0.000e+00  0.000e+00  0.000e+00  0.000e+00  9.998e-01  2.015e-04  1.000e+00  1.019e-15  1.000e-15  9.998e-01  2.015e-04  1.000e+00  1.019e-15  1.000e-15  0.000e+00  0.000e+00  7.088e-06  1.537e+02 -4.513e-02  7.087e-06  1.539e+02 -4.471e-02
 0.0115  0.000e+00  0.000e+00  0.000e+00  0.000e+00  0.000e+00  0.000e+00  0.000e+00  9.998e-01  2.005e-04  1.000e+00  1.038e-15  1.000e-15  9.998e-01  2.005e-04  1.000e+00  1.038e-15  1.000e-15  0.000e+00  0.000e+00  7.167e-06  1.494e+02 -4.481e-02  7.166e-06  1.496e+02 -4.437e-02
 0.0118  0.000e+00  0.000e+00  0.000e+00  0.000e+00  0.000e+00  0.000e+00  0.000e+00  9.998e-01  1.995e-04  1.000e+00  1.057e-15  1.000e-15  9.998e-01  1.995e-04  1.000e+00  1.056e-15  1.000e-15  0.000e+00  0.000e+00  7.253e-06  1.453e+02 -4.431e-02  7.250e-06  1.455e+02 -4.387e-02
 0.0121  0.000e+00  0.000e+00  0.000e+00  0.000e+00  0.000e+00  0.000e+00  0.000e+00  9.998e-01  1.984e-04  1.000e+00  1.075e-15  1.000e-15  9.998e-01  1.985e-04  1.000e+00  1.075e-15  1.000e-15  0.000e+00  0.000e+00  7.337e-06  1.414e+02 -4.375e-02  7.333e-06  1.415e+02 -4.331e-02
 0.0124  0.000e+00  0.000e+00  0.000e+00  0.000e+00  0.000e+00  0.000e+00  0.000e+00  9.998e-01  1.974e-04  1.000e+00  1.093e-15  1.000e-15  9.998e-01  1.975e-04  1.000e+00  1.093e-15  1.000e-15  0.000e+00  0.000e+00  7.419e-06  1.376e+02 -4.312e-02  7.413e-06  1.377e+02 -4.267e-02
 0.0128  0.000e+00  0.000e+00  0.000e+00  0.000e+00  0.000e+00  0.000e+00  0.000e+00  9.998e-01  1.964e-04  1.000e+00  1.111e-15  1.000e-15  9.998e-01  1.965e-04  1.000e+00  1.111e-15  1.000e-15  0.000e+00  0.000e+00  7.501e-06  1.339e+02 -4.240e-02  7.493e-06  1.341e+02 -4.194e-02
 0.0132  0.000e+00  0.000e+00  0.000e+00  0.000e+00  0.000e+00  0.000e+00  0.000e+00  9.998e-01  1.954e-04  1.000e+00  1.129e-15  1.000e-15  9.998e-01  1.955e-04  1.000e+00  1.128e-15  1.000e-15  0.000e+00  0.000e+00  7.581e-06  1.305e+02 -4.158e-02  7.571e-06  1.306e+02 -4.113e-02
 0.0136  0.000e+00  0.000e+00  0.000e+00  0.000e+00  0.000e+00  0.000e+00  0.000e+00  9.998e-01  1.945e-04  1.000e+00  1.147e-15  1.000e-15  9.998e-01  1.945e-04  1.000e+00  1.146e-15  1.000e-15  0.000e+00  0.000e+00  7.660e-06  1.271e+02 -4.067e-02  7.648e-06  1.272e+02 -4.021e-02
 0.0139  0.000e+00  0.000e+00  0.000e+00  0.000e+00  0.000e+00  0.000e+00  0.000e+00  9.998e-01  1.937e-04  1.000e+00  1.161e-15  1.000e-15  9.998e-01  1.937e-04  1.000e+00  1.160e-15  1.000e-15  0.000e+00  0.000e+00  7.722e-06  1.245e+02 -3.988e-02  7.708e-06  1.247e+02 -3.941e-02
 0.0136  0.000e+00  0.000e+00  0.000e+00  0.000e+00  0.000e+00  0.000e+00  0.000e+00  9.998e-01  1.945e-04  1.000e+00  1.147e-15  1.000e-15  9.998e-01  1.945e-04  1.000e+00  1.146e-15  1.000e-15  0.000e+00  0.000e+00  7.660e-06  1.271e+02 -4.067e-02  7.648e-06  1.272e+02 -4.021e-02
 0.0139  0.000e+00  0.000e+00  0.000e+00  0.000e+00  0.000e+00  0.000e+00  0.000e+00  9.998e-01  1.937e-04  1.000e+00  1.161e-15  1.000e-15  9.998e-01  1.937e-04  1.000e+00  1.160e-15  1.000e-15  0.000e+00  0.000e+00  7.722e-06  1.245e+02 -3.988e-02  7.708e-06  1.247e+02 -3.941e-02
 0.0142  0.000e+00  0.000e+00  0.000e+00  0.000e+00  0.000e+00  0.000e+00  0.000e+00  9.998e-01  1.929e-04  1.000e+00  1.175e-15  1.000e-15  9.998e-01  1.930e-04  1.000e+00  1.174e-15  1.000e-15  0.000e+00  0.000e+00  7.783e-06  1.221e+02 -3.902e-02  7.768e-06  1.222e+02 -3.855e-02
 0.0146  0.000e+00  0.000e+00  0.000e+00  0.000e+00  0.000e+00  0.000e+00  0.000e+00  9.998e-01  1.921e-04  1.000e+00  1.189e-15  1.000e-15  9.998e-01  1.922e-04  1.000e+00  1.187e-15  1.000e-15  0.000e+00  0.000e+00  7.844e-06  1.197e+02 -3.810e-02  7.826e-06  1.198e+02 -3.762e-02
 0.0150  0.000e+00  0.000e+00  0.000e+00  0.000e+00  0.000e+00  0.000e+00  0.000e+00  9.998e-01  1.914e-04  1.000e+00  1.203e-15  1.000e-15  9.998e-01  1.915e-04  1.000e+00  1.201e-15  1.000e-15  0.000e+00  0.000e+00  7.905e-06  1.174e+02 -3.711e-02  7.884e-06  1.176e+02 -3.662e-02
 0.0153  0.000e+00  0.000e+00  0.000e+00  0.000e+00  0.000e+00  0.000e+00  0.000e+00  9.998e-01  1.906e-04  1.000e+00  1.216e-15  1.000e-15  9.998e-01  1.907e-04  1.000e+00  1.214e-15  1.000e-15  0.000e+00  0.000e+00  7.965e-06  1.153e+02 -3.605e-02  7.942e-06  1.154e+02 -3.556e-02
 0.0157  0.000e+00  0.000e+00  0.000e+00  0.000e+00  0.000e+00  0.000e+00  0.000e+00  9.998e-01  1.899e-04  1.000e+00  1.230e-15  1.000e-15  9.998e-01  1.900e-04  1.000e+00  1.228e-15  1.000e-15  0.000e+00  0.000e+00  8.024e-06  1.132e+02 -3.494e-02  7.999e-06  1.133e+02 -3.444e-02
 0.0161  0.000e+00  0.000e+00  0.000e+00  0.000e+00  0.000e+00  0.000e+00  0.000e+00  9.998e-01  1.891e-04  1.000e+00  1.243e-15  1.000e-15  9.998e-01  1.892e-04  1.000e+00  1.241e-15  1.000e-15  0.000e+00  0.000e+00  8.084e-06  1.112e+02 -3.376e-02  8.055e-06  1.114e+02 -3.325e-02
 0.0166  0.000e+00  0.000e+00  0.000e+00  0.000e+00  0.000e+00  0.000e+00  0.000e+00  9.998e-01  1.884e-04  1.000e+00  1.257e-15  1.000e-15  9.998e-01  1.885e-04  1.000e+00  1.254e-15  1.000e-15  0.000e+00  0.000e+00  8.143e-06  1.093e+02 -3.253e-02  8.111e-06  1.095e+02 -3.201e-02
 0.0170  0.000e+00  0.000e+00  0.000e+00  0.000e+00  0.000e+00  0.000e+00  0.000e+00  9.998e-01  1.876e-04  1.000e+00  1.270e-15  1.000e-15  9.998e-01  1.878e-04  1.000e+00  1.267e-15  1.000e-15  0.000e+00  0.000e+00  8.202e-06  1.075e+02 -3.124e-02  8.166e-06  1.077e+02 -3.072e-02
 0.0175  0.000e+00  0.000e+00  0.000e+00  0.000e+00  0.000e+00  0.000e+00  0.000e+00  9.998e-01  1.869e-04  1.000e+00  1.283e-15  1.000e-15  9.998e-01  1.871e-04  1.000e+00  1.281e-15  1.000e-15  0.000e+00  0.000e+00  8.261e-06  1.058e+02 -2.990e-02  8.221e-06  1.060e+02 -2.937e-02
 0.0179  0.000e+00  0.000e+00  0.000e+00  0.000e+00  0.000e+00  0.000e+00  0.000e+00  9.998e-01  1.862e-04  1.000e+00  1.296e-15  1.000e-15  9.998e-01  1.863e-04  1.000e+00  1.293e-15  1.000e-15  0.000e+00  0.000e+00  8.320e-06  1.042e+02 -2.853e-02  8.275e-06  1.044e+02 -2.799e-02
 0.0184  0.000e+00  0.000e+00  0.000e+00  0.000e+00  0.000e+00  0.000e+00  0.000e+00  9.998e-01  1.855e-04  1.000e+00  1.309e-15  1.000e-15  9.998e-01  1.856e-04  1.000e+00  1.306e-15  1.000e-15  0.000e+00  0.000e+00  8.378e-06  1.026e+02 -2.711e-02  8.329e-06  1.028e+02 -2.657e-02
 0.0190  0.000e+00  0.000e+00  0.000e+00  0.000e+00  0.000e+00  0.000e+00  0.000e+00  9.998e-01  1.847e-04  1.000e+00  1.322e-15  1.000e-15  9.998e-01  1.849e-04  1.000e+00  1.319e-15  1.000e-15  0.000e+00  0.000e+00  8.437e-06  1.011e+02 -2.567e-02  8.383e-06  1.013e+02 -2.512e-02
 0.0195  0.000e+00  0.000e+00  0.000e+00  0.000e+00  0.000e+00  0.000e+00  0.000e+00  9.998e-01  1.840e-04  1.000e+00  1.335e-15  1.000e-15  9.998e-01  1.842e-04  1.000e+00  1.332e-15  1.000e-15  0.000e+00  0.000e+00  8.496e-06  9.969e+01 -2.420e-02  8.436e-06  9.989e+01 -2.365e-02
 0.0201  0.000e+00  0.000e+00  0.000e+00  0.000e+00  0.000e+00  0.000e+00  0.000e+00  9.998e-01  1.833e-04  1.000e+00  1.348e-15  1.000e-15  9.998e-01  1.835e-04  1.000e+00  1.344e-15  1.000e-15  0.000e+00  0.000e+00  8.556e-06  9.830e+01 -2.272e-02  8.489e-06  9.852e+01 -2.216e-02
 0.0206  0.000e+00  0.000e+00  0.000e+00  1.362e-38  0.000e+00  0.000e+00  0.000e+00  9.998e-01  1.826e-04  1.000e+00  1.361e-15  1.000e-15  9.998e-01  1.828e-04  1.000e+00  1.357e-15  1.000e-15  0.000e+00  0.000e+00  8.616e-06  9.696e+01 -2.124e-02  8.542e-06  9.720e+01 -2.068e-02
 0.0213  0.000e+00  1.662e-38  0.000e+00  7.604e-38  0.000e+00  0.000e+00  0.000e+00  9.998e-01  1.819e-04  1.000e+00  1.373e-15  1.000e-15  9.998e-01  1.821e-04  1.000e+00  1.370e-15  1.000e-15  0.000e+00  0.000e+00  8.677e-06  9.566e+01 -1.976e-02  8.595e-06  9.590e+01 -1.920e-02
 0.0218  5.204e-38  9.076e-38  1.907e-38  2.756e-37  0.000e+00  0.000e+00  0.000e+00  9.998e-01  1.813e-04  1.000e+00  1.384e-15  1.000e-15  9.998e-01  1.815e-04  1.000e+00  1.379e-15  1.000e-15  0.000e+00  0.000e+00  8.725e-06  9.463e+01 -1.859e-02  8.636e-06  9.489e+01 -1.802e-02
 0.0223  1.584e-37  2.757e-37  5.792e-38  9.405e-37  0.000e+00  0.000e+00  0.000e+00  9.998e-01  1.808e-04  1.000e+00  1.394e-15  1.000e-15  9.998e-01  1.810e-04  1.000e+00  1.389e-15  1.000e-15  0.000e+00  0.000e+00  8.775e-06  9.361e+01 -1.742e-02  8.678e-06  9.388e+01 -1.686e-02
 0.0228  6.854e-37  1.197e-36  2.522e-37  3.123e-36  0.000e+00  0.000e+00  0.000e+00  9.998e-01  1.802e-04  1.000e+00  1.404e-15  1.000e-15  9.998e-01  1.804e-04  1.000e+00  1.399e-15  1.000e-15  0.000e+00  0.000e+00  8.825e-06  9.260e+01 -1.628e-02  8.720e-06  9.288e+01 -1.572e-02
 0.0234  2.060e-36  3.584e-36  7.525e-37  1.017e-35  0.000e+00  0.000e+00  0.000e+00  9.998e-01  1.796e-04  1.000e+00  1.414e-15  1.000e-15  9.998e-01  1.799e-04  1.000e+00  1.409e-15  1.000e-15  0.000e+00  0.000e+00  8.876e-06  9.159e+01 -1.515e-02  8.762e-06  9.188e+01 -1.459e-02
 0.0240  8.454e-36  1.478e-35  3.118e-36  3.255e-35  0.000e+00  0.000e+00  0.000e+00  9.998e-01  1.791e-04  1.000e+00  1.424e-15  1.000e-15  9.998e-01  1.794e-04  1.000e+00  1.419e-15  1.000e-15  0.000e+00  0.000e+00  8.929e-06  9.058e+01 -1.405e-02  8.804e-06  9.088e+01 -1.350e-02
 0.0246  2.518e-35  4.380e-35  9.191e-36  1.025e-34  0.000e+00  0.000e+00  0.000e+00  9.998e-01  1.785e-04  1.000e+00  1.434e-15  1.000e-15  9.998e-01  1.788e-04  1.000e+00  1.429e-15  1.000e-15  0.000e+00  0.000e+00  8.983e-06  8.955e+01 -1.298e-02  8.847e-06  8.986e+01 -1.243e-02
 0.0253  9.793e-35  1.713e-34  3.613e-35  3.172e-34  0.000e+00  0.000e+00  0.000e+00  9.998e-01  1.780e-04  1.000e+00  1.444e-15  1.000e-15  9.998e-01  1.783e-04  1.000e+00  1.438e-15  1.000e-15  0.000e+00  0.000e+00  9.038e-06  8.850e+01 -1.194e-02  8.890e-06  8.882e+01 -1.140e-02
 0.0259  2.893e-34  5.033e-34  1.056e-34  9.656e-34  0.000e+00  0.000e+00  0.000e+00  9.998e-01  1.774e-04  1.000e+00  1.454e-15  1.000e-15  9.998e-01  1.777e-04  1.000e+00  1.448e-15  1.000e-15  0.000e+00  0.000e+00  9.096e-06  8.744e+01 -1.094e-02  8.934e-06  8.776e+01 -1.041e-02
 0.0266  1.064e-33  1.862e-33  3.928e-34  2.889e-33  0.000e+00  0.000e+00  1.393e-38  9.998e-01  1.769e-04  1.000e+00  1.464e-15  1.000e-15  9.998e-01  1.772e-04  1.000e+00  1.457e-15  1.000e-15  0.000e+00  0.000e+00  9.157e-06  8.634e+01 -9.980e-03  8.979e-06  8.667e+01 -9.458e-03
 0.0273  3.121e-33  5.429e-33  1.138e-33  8.499e-33  3.023e-38  2.980e-38  3.751e-38  9.998e-01  1.763e-04  1.000e+00  1.474e-15  1.000e-15  9.998e-01  1.767e-04  1.000e+00  1.467e-15  1.000e-15  0.000e+00  0.000e+00  9.221e-06  8.521e+01 -9.059e-03  9.025e-06  8.554e+01 -8.550e-03
 0.0281  1.089e-32  1.905e-32  4.018e-33  2.460e-32  9.714e-38  9.614e-38  1.213e-37  9.998e-01  1.758e-04  1.000e+00  1.484e-15  1.000e-15  9.998e-01  1.761e-04  1.000e+00  1.477e-15  1.000e-15  0.000e+00  0.000e+00  9.289e-06  8.404e+01 -8.184e-03  9.072e-06  8.437e+01 -7.689e-03
 0.0289  3.167e-32  5.507e-32  1.154e-32  6.997e-32  2.606e-37  2.569e-37  3.234e-37  9.998e-01  1.752e-04  1.000e+00  1.495e-15  1.000e-15  9.998e-01  1.756e-04  1.000e+00  1.488e-15  1.000e-15  0.000e+00  0.000e+00  9.362e-06  8.282e+01 -7.357e-03  9.122e-06  8.315e+01 -6.876e-03
 0.0297  1.047e-31  1.831e-31  3.862e-32  1.957e-31  7.915e-37  7.834e-37  9.886e-37  9.998e-01  1.747e-04  1.000e+00  1.506e-15  1.000e-15  9.998e-01  1.751e-04  1.000e+00  1.499e-15  1.000e-15  0.000e+00  0.000e+00  9.440e-06  8.156e+01 -6.576e-03  9.174e-06  8.189e+01 -6.113e-03
 0.0305  3.020e-31  5.251e-31  1.100e-31  5.382e-31  2.102e-36  2.072e-36  2.608e-36  9.998e-01  1.741e-04  1.000e+00  1.531e-15  1.000e-15  9.998e-01  1.745e-04  1.000e+00  1.523e-15  1.000e-15  0.000e+00  0.000e+00  9.526e-06  8.025e+01 -5.846e-03  9.229e-06  8.057e+01 -5.401e-03
 0.0314  9.471e-31  1.658e-30  3.495e-31  1.455e-30  6.043e-36  5.983e-36  7.550e-36  9.998e-01  1.736e-04  1.000e+00  1.560e-15  1.000e-15  9.998e-01  1.740e-04  1.000e+00  1.552e-15  1.000e-15  0.000e+00  0.000e+00  9.620e-06  7.888e+01 -5.166e-03  9.288e-06  7.920e+01 -4.741e-03
 0.0323  2.706e-30  4.706e-30  9.855e-31  3.868e-30  1.585e-35  1.563e-35  1.967e-35  9.998e-01  1.730e-04  1.000e+00  1.720e-15  1.000e-15  9.998e-01  1.735e-04  1.000e+00  1.712e-15  1.000e-15  0.000e+00  0.000e+00  9.726e-06  7.747e+01 -4.536e-03  9.351e-06  7.777e+01 -4.133e-03
 0.0333  8.062e-30  1.411e-29  2.975e-30  1.010e-29  4.319e-35  4.276e-35  5.396e-35  9.998e-01  1.725e-04  1.000e+00  1.932e-15  1.000e-15  9.998e-01  1.730e-04  1.000e+00  1.920e-15  1.000e-15  0.000e+00  0.000e+00  9.845e-06  7.599e+01 -3.956e-03  9.419e-06  7.628e+01 -3.576e-03
 0.0341  2.085e-29  3.623e-29  7.579e-30  2.180e-29  1.041e-34  1.026e-34  1.292e-34  9.998e-01  1.721e-04  1.000e+00  3.071e-15  1.000e-15  9.998e-01  1.726e-04  1.000e+00  3.070e-15  1.000e-15  0.000e+00  0.000e+00  9.951e-06  7.478e+01 -3.527e-03  9.478e-06  7.505e+01 -3.167e-03
 0.0349  4.823e-29  8.438e-29  1.777e-29  4.617e-29  2.237e-34  2.215e-34  2.796e-34  9.998e-01  1.716e-04  1.000e+00  4.507e-15  1.000e-15  9.998e-01  1.722e-04  1.000e+00  4.470e-15  1.000e-15  0.000e+00  0.000e+00  1.007e-05  7.352e+01 -3.129e-03  9.543e-06  7.378e+01 -2.790e-03
 0.0358  1.100e-28  1.911e-28  3.997e-29  9.636e-29  4.747e-34  4.679e-34  5.891e-34  9.998e-01  1.712e-04  1.000e+00  1.188e-14  1.000e-15  9.998e-01  1.717e-04  1.000e+00  1.194e-14  1.000e-15  0.000e+00  0.000e+00  1.021e-05  7.224e+01 -2.762e-03  9.613e-06  7.248e+01 -2.445e-03
 0.0367  2.456e-28  4.296e-28  9.045e-29  1.987e-28  9.832e-34  9.734e-34  1.228e-33  9.998e-01  1.707e-04  1.000e+00  2.039e-14  1.000e-15  9.998e-01  1.713e-04  1.000e+00  2.018e-14  1.000e-15  0.000e+00  0.000e+00  1.036e-05  7.092e+01 -2.424e-03  9.689e-06  7.115e+01 -2.129e-03
 0.0376  5.572e-28  9.684e-28  2.025e-28  4.048e-28  2.072e-33  2.043e-33  2.572e-33  9.998e-01  1.703e-04  1.000e+00  6.133e-14  1.000e-15  9.998e-01  1.709e-04  1.000e+00  6.176e-14  1.000e-15  0.000e+00  0.000e+00  1.053e-05  6.958e+01 -2.114e-03  9.773e-06  6.979e+01 -1.843e-03
 0.0386  1.202e-27  2.103e-27  4.428e-28  8.157e-28  4.139e-33  4.097e-33  5.171e-33  9.998e-01  1.699e-04  1.000e+00  1.104e-13  1.000e-15  9.998e-01  1.705e-04  1.000e+00  1.087e-13  1.000e-15  0.000e+00  0.000e+00  1.074e-05  6.821e+01 -1.830e-03  9.866e-06  6.839e+01 -1.584e-03
 0.0394  2.546e-27  4.424e-27  9.242e-28  1.427e-27  8.252e-33  8.135e-33  1.024e-32  9.998e-01  1.695e-04  1.000e+00  2.862e-13  1.000e-15  9.998e-01  1.702e-04  1.000e+00  2.875e-13  1.000e-15  0.000e+00  0.000e+00  1.092e-05  6.709e+01 -1.621e-03  9.948e-06  6.726e+01 -1.396e-03
 0.0402  4.564e-27  7.981e-27  1.678e-27  2.470e-27  1.388e-32  1.374e-32  1.735e-32  9.998e-01  1.692e-04  1.000e+00  4.862e-13  1.000e-15  9.998e-01  1.699e-04  1.000e+00  4.786e-13  1.000e-15  0.000e+00  0.000e+00  1.113e-05  6.596e+01 -1.428e-03  1.004e-05  6.611e+01 -1.225e-03
 0.0410  8.803e-27  1.530e-26  3.196e-27  4.239e-27  2.517e-32  2.482e-32  3.124e-32  9.998e-01  1.688e-04  1.000e+00  1.204e-12  1.000e-15  9.998e-01  1.696e-04  1.000e+00  1.211e-12  1.000e-15  0.000e+00  0.000e+00  1.137e-05  6.482e+01 -1.249e-03  1.014e-05  6.495e+01 -1.068e-03
 0.0419  1.541e-26  2.695e-26  5.667e-27  7.215e-27  4.131e-32  4.090e-32  5.162e-32  9.998e-01  1.685e-04  1.000e+00  1.968e-12  1.000e-15  9.998e-01  1.692e-04  1.000e+00  1.938e-12  1.000e-15  0.000e+00  0.000e+00  1.165e-05  6.367e+01 -1.084e-03  1.024e-05  6.378e+01 -9.267e-04
 0.0428  2.967e-26  5.156e-26  1.077e-26  1.219e-26  7.467e-32  7.362e-32  9.269e-32  9.998e-01  1.681e-04  1.000e+00  4.581e-12  1.000e-15  9.998e-01  1.689e-04  1.000e+00  4.612e-12  1.000e-15  0.000e+00  0.000e+00  1.197e-05  6.250e+01 -9.311e-04  1.036e-05  6.260e+01 -7.987e-04
 0.0438  2.816e-22  3.713e-22  1.935e-23  2.422e-22  6.374e-28  7.655e-28  5.073e-28  9.998e-01  1.678e-04  1.000e+00  1.331e-08  2.003e-10  9.998e-01  1.686e-04  1.000e+00  1.646e-10  9.052e-13  1.289e-01  3.022e-08  1.234e-05  6.133e+01 -7.935e-04  1.049e-05  6.140e+01 -6.870e-04
 0.0447  2.141e-23  2.813e-23  1.481e-24  2.282e-22  4.541e-29  5.427e-29  3.600e-29  9.998e-01  1.675e-04  1.000e+00  4.477e-09  4.494e-12  9.998e-01  1.683e-04  1.000e+00  2.231e-10  1.153e-13  1.218e-01  0.000e+00  1.277e-05  6.016e+01 -6.605e-04  1.064e-05  6.021e+01 -5.821e-04
 0.0455  4.034e-22  5.287e-22  2.506e-23  4.428e-22  8.111e-28  9.741e-28  6.456e-28  9.998e-01  1.672e-04  1.000e+00  1.535e-08  2.510e-10  9.998e-01  1.680e-04  1.000e+00  1.489e-09  7.355e-13  5.267e-01  1.046e-07  1.317e-05  5.921e+01 -5.668e-04  1.077e-05  5.924e+01 -5.119e-04
 0.0464  4.742e-22  6.118e-22  2.315e-23  6.399e-22  9.053e-28  1.083e-27  7.160e-28  9.998e-01  1.669e-04  1.000e+00  2.495e-08  8.465e-10  9.998e-01  1.678e-04  1.000e+00  4.005e-09  5.158e-12  6.230e-01  3.365e-08  1.363e-05  5.826e+01 -4.757e-04  1.091e-05  5.827e+01 -4.461e-04
 0.0472  1.206e-22  1.519e-22  2.131e-24  6.364e-22  2.185e-28  2.623e-28  1.742e-28  9.998e-01  1.666e-04  1.000e+00  2.154e-08  2.471e-10  9.998e-01  1.675e-04  1.000e+00  4.156e-09  1.104e-12  7.360e-01  3.245e-08  1.415e-05  5.731e+01 -3.842e-04  1.107e-05  5.731e+01 -3.824e-04
 0.0481  2.468e-21  3.063e-21  1.522e-23  1.662e-21  4.239e-27  5.070e-27  3.352e-27  9.998e-01  1.664e-04  1.000e+00  5.425e-08  1.934e-09  9.998e-01  1.673e-04  1.000e+00  4.705e-09  9.339e-12  1.806e+00  2.524e-07  1.476e-05  5.633e+01 -3.243e-04  1.124e-05  5.630e+01 -3.516e-04
 0.0490  1.877e-21  2.340e-21  1.283e-23  2.329e-21  3.049e-27  3.662e-27  2.427e-27  9.998e-01  1.662e-04  1.000e+00  1.067e-07  3.029e-09  9.998e-01  1.670e-04  1.000e+00  9.546e-09  1.699e-11  2.852e+00  2.568e-07  1.546e-05  5.538e+01 -2.471e-04  1.143e-05  5.532e+01 -3.081e-04
 0.0499  3.064e-21  3.795e-21  1.269e-23  3.252e-21  4.712e-27  5.636e-27  3.727e-27  9.998e-01  1.660e-04  1.000e+00  1.688e-07  9.920e-09  9.998e-01  1.668e-04  1.000e+00  1.194e-08  4.843e-11  4.775e+00  4.463e-07  1.628e-05  5.441e+01 -1.820e-04  1.165e-05  5.433e+01 -2.825e-04
 0.0508  4.740e-21  5.884e-21  1.050e-23  4.746e-21  6.889e-27  8.273e-27  5.483e-27  9.998e-01  1.659e-04  1.000e+00  3.294e-07  9.913e-09  9.998e-01  1.665e-04  1.000e+00  1.662e-08  5.980e-11  8.860e+00  8.905e-07  1.724e-05  5.342e+01 -1.384e-04  1.189e-05  5.331e+01 -2.783e-04
 0.0518  5.993e-21  7.411e-21  1.356e-23  6.200e-21  8.237e-27  9.851e-27  6.516e-27  9.998e-01  1.658e-04  1.000e+00  4.529e-07  1.778e-08  9.998e-01  1.663e-04  1.000e+00  2.202e-08  1.014e-10  1.380e+01  1.092e-06  1.839e-05  5.245e+01 -7.848e-05  1.218e-05  5.230e+01 -2.735e-04
 0.0526  1.162e-20  1.441e-20  1.700e-23  8.803e-21  1.524e-26  1.830e-26  1.213e-26  9.998e-01  1.659e-04  1.000e+00  6.265e-07  2.683e-08  9.998e-01  1.661e-04  1.000e+00  2.957e-08  1.208e-10  2.078e+01  1.814e-06  1.947e-05  5.159e+01 -8.829e-05  1.246e-05  5.140e+01 -3.319e-04
 0.0534  1.208e-20  1.493e-20  2.078e-23  1.081e-20  1.514e-26  1.811e-26  1.198e-26  9.998e-01  1.659e-04  1.000e+00  8.488e-07  3.953e-08  9.998e-01  1.659e-04  1.000e+00  4.634e-08  1.855e-10  2.727e+01  1.696e-06  2.072e-05  5.080e+01 -5.570e-05  1.276e-05  5.058e+01 -3.493e-04
 0.0542  1.349e-20  1.673e-20  2.448e-23  1.308e-20  1.614e-26  1.937e-26  1.284e-26  9.998e-01  1.662e-04  1.000e+00  1.189e-06  5.760e-08  9.998e-01  1.657e-04  1.000e+00  6.411e-08  2.186e-10  3.874e+01  2.826e-06  2.217e-05  4.999e+01 -2.544e-05  1.311e-05  4.972e+01 -3.951e-04
 0.0551  2.017e-20  2.494e-20  3.410e-23  1.602e-20  2.305e-26  2.757e-26  1.824e-26  9.998e-01  1.665e-04  1.000e+00  1.616e-06  7.982e-08  9.998e-01  1.656e-04  1.000e+00  1.000e-07  3.369e-10  5.464e+01  3.785e-06  2.386e-05  4.914e+01 -2.601e-05  1.351e-05  4.882e+01 -4.761e-04
 0.0559  3.169e-20  3.932e-20  7.457e-23  2.128e-20  3.451e-26  4.141e-26  2.744e-26  9.998e-01  1.674e-04  1.000e+00  2.570e-06  1.090e-07  9.998e-01  1.654e-04  1.000e+00  1.461e-07  6.350e-10  8.121e+01  6.127e-06  2.583e-05  4.817e+01 -9.390e-05  1.396e-05  4.778e+01 -6.586e-04
 0.0568  4.603e-20  5.694e-20  1.122e-22  2.761e-20  4.783e-26  5.721e-26  3.785e-26  9.998e-01  1.688e-04  1.000e+00  3.835e-06  1.820e-07  9.998e-01  1.653e-04  1.000e+00  2.418e-07  1.253e-09  1.162e+02  7.792e-06  2.814e-05  4.720e+01 -1.892e-04  1.447e-05  4.673e+01 -8.606e-04
 0.0578  5.813e-20  7.214e-20  1.443e-22  3.593e-20  5.754e-26  6.905e-26  4.575e-26  9.998e-01  1.707e-04  1.000e+00  5.622e-06  1.933e-07  9.998e-01  1.653e-04  1.000e+00  4.044e-07  1.744e-09  1.679e+02  1.112e-05  3.084e-05  4.613e+01 -3.037e-04  1.504e-05  4.556e+01 -1.160e-03
 0.0587  8.404e-20  1.040e-19  1.933e-22  4.586e-20  7.930e-26  9.487e-26  6.276e-26  9.998e-01  1.745e-04  1.000e+00  9.017e-06  3.369e-07  9.998e-01  1.654e-04  1.000e+00  7.270e-07  2.732e-09  2.433e+02  1.554e-05  3.409e-05  4.504e+01 -4.772e-04  1.568e-05  4.435e+01 -1.514e-03
 0.0597  9.281e-20  1.152e-19  2.342e-22  5.683e-20  8.337e-26  1.000e-25  6.629e-26  9.998e-01  1.795e-04  1.000e+00  1.353e-05  5.308e-07  9.998e-01  1.657e-04  1.000e+00  1.291e-06  4.577e-09  3.456e+02  2.052e-05  3.789e-05  4.394e+01 -6.083e-04  1.639e-05  4.310e+01 -1.914e-03
 0.0604  1.376e-19  1.702e-19  3.183e-22  6.787e-20  1.189e-25  1.422e-25  9.408e-26  9.998e-01  1.848e-04  1.000e+00  1.835e-05  7.122e-07  9.998e-01  1.661e-04  1.000e+00  1.903e-06  6.254e-09  4.562e+02  2.689e-05  4.146e-05  4.294e+01 -8.587e-04  1.706e-05  4.194e+01 -2.382e-03
 0.0612  1.631e-19  2.025e-19  4.609e-22  8.170e-20  1.354e-25  1.625e-25  1.076e-25  9.998e-01  1.927e-04  1.000e+00  2.556e-05  9.367e-07  9.998e-01  1.668e-04  1.000e+00  2.860e-06  9.891e-09  6.078e+02  3.589e-05  4.547e-05  4.185e+01 -1.144e-03  1.776e-05  4.068e+01 -2.971e-03
 0.0621  1.963e-19  2.429e-19  5.571e-22  9.511e-20  1.566e-25  1.874e-25  1.240e-25  9.998e-01  2.012e-04  1.000e+00  3.356e-05  1.067e-06  9.998e-01  1.678e-04  1.000e+00  4.177e-06  1.315e-08  7.920e+02  4.283e-05  4.996e-05  4.088e+01 -1.251e-03  1.851e-05  3.954e+01 -3.472e-03
 0.0629  2.273e-19  2.821e-19  7.220e-22  1.115e-19  1.742e-25  2.089e-25  1.384e-25  9.998e-01  2.116e-04  1.000e+00  4.300e-05  1.503e-06  9.998e-01  1.689e-04  1.000e+00  5.584e-06  1.700e-08  1.035e+03  5.490e-05  5.516e-05  3.978e+01 -1.506e-03  1.933e-05  3.819e+01 -4.211e-03
 0.0637  3.018e-19  3.736e-19  8.861e-22  1.300e-19  2.222e-25  2.659e-25  1.759e-25  9.998e-01  2.245e-04  9.999e-01  5.512e-05  1.826e-06  9.998e-01  1.703e-04  1.000e+00  7.491e-06  2.213e-08  1.340e+03  6.744e-05  6.100e-05  3.865e+01 -1.714e-03  2.022e-05  3.680e+01 -5.032e-03
 0.0646  3.449e-19  4.283e-19  1.165e-21  1.520e-19  2.438e-25  2.924e-25  1.938e-25  9.998e-01  2.415e-04  9.999e-01  7.076e-05  2.380e-06  9.998e-01  1.722e-04  1.000e+00  9.966e-06  3.006e-08  1.734e+03  8.471e-05  6.774e-05  3.745e+01 -1.957e-03  2.120e-05  3.528e+01 -6.055e-03
 0.0655  4.078e-19  5.047e-19  1.401e-21  1.750e-19  2.768e-25  3.309e-25  2.189e-25  9.997e-01  2.651e-04  9.999e-01  9.332e-05  3.087e-06  9.998e-01  1.755e-04  1.000e+00  1.409e-05  4.082e-08  2.230e+03  1.035e-04  7.568e-05  3.643e+01 -2.022e-03  2.235e-05  3.386e+01 -7.038e-03
 0.0664  5.168e-19  6.419e-19  1.708e-21  2.016e-19  3.364e-25  4.036e-25  2.676e-25  9.997e-01  2.934e-04  9.999e-01  1.201e-04  3.947e-06  9.998e-01  1.796e-04  1.000e+00  1.904e-05  5.470e-08  2.855e+03  1.270e-04  8.466e-05  3.533e+01 -2.069e-03  2.360e-05  3.231e+01 -8.276e-03
 0.0673  5.750e-19  7.113e-19  1.960e-21  2.306e-19  3.593e-25  4.293e-25  2.840e-25  9.997e-01  3.278e-04  9.998e-01  1.538e-04  4.713e-06  9.998e-01  1.852e-04  1.000e+00  2.613e-05  7.289e-08  3.624e+03  1.526e-04  9.489e-05  3.427e+01 -1.668e-03  2.502e-05  3.077e+01 -9.603e-03
 0.0683  7.647e-19  9.500e-19  2.438e-21  2.644e-19  4.579e-25  5.496e-25  3.645e-25  9.996e-01  3.730e-04  9.998e-01  1.971e-04  6.289e-06  9.998e-01  1.924e-04  1.000e+00  3.492e-05  9.444e-08  4.624e+03  1.926e-04  1.068e-04  3.334e+01 -1.359e-03  2.661e-05  2.915e+01 -1.119e-02
 0.0692  8.096e-19  1.002e-18  2.984e-21  3.011e-19  4.652e-25  5.557e-25  3.676e-25  9.996e-01  4.295e-04  9.997e-01  2.525e-04  7.740e-06  9.998e-01  2.020e-04  1.000e+00  4.684e-05  1.278e-07  5.864e+03  2.331e-04  1.205e-04  3.251e+01 -5.068e-04  2.848e-05  2.760e+01 -1.283e-02
 0.0700  1.034e-18  1.286e-18  3.485e-21  3.320e-19  5.736e-25  6.890e-25  4.572e-25  9.995e-01  4.840e-04  9.997e-01  3.064e-04  9.457e-06  9.998e-01  2.119e-04  9.999e-01  5.902e-05  1.598e-07  7.087e+03  2.804e-04  1.332e-04  3.205e+01  6.101e-04  3.025e-05  2.645e+01 -1.415e-02
 0.0708  1.047e-18  1.294e-18  3.862e-21  3.647e-19  5.618e-25  6.710e-25  4.439e-25  9.995e-01  5.483e-04  9.996e-01  3.708e-04  1.165e-05  9.998e-01  2.242e-04  9.999e-01  7.432e-05  2.011e-07  8.537e+03  3.259e-04  1.475e-04  3.176e+01  2.167e-03  3.223e-05  2.532e+01 -1.553e-02
 0.0717  1.339e-18  1.666e-18  4.601e-21  3.998e-19  6.937e-25  8.335e-25  5.533e-25  9.994e-01  6.223e-04  9.995e-01  4.458e-04  1.290e-05  9.998e-01  2.391e-04  9.999e-01  9.287e-05  2.533e-07  1.024e+04  3.757e-04  1.630e-04  3.137e+01  4.460e-03  3.449e-05  2.423e+01 -1.698e-02
 0.0725  1.341e-18  1.658e-18  5.104e-21  4.368e-19  6.719e-25  8.019e-25  5.304e-25  9.993e-01  7.104e-04  9.994e-01  5.340e-04  1.673e-05  9.997e-01  2.570e-04  9.999e-01  1.153e-04  3.181e-07  1.225e+04  4.327e-04  1.815e-04  3.155e+01  6.680e-03  3.711e-05  2.322e+01 -1.839e-02
 0.0733  1.738e-18  2.164e-18  6.120e-21  4.772e-19  8.401e-25  1.010e-24  6.711e-25  9.992e-01  8.102e-04  9.993e-01  6.367e-04  1.904e-05  9.997e-01  2.784e-04  9.999e-01  1.424e-04  3.934e-07  1.464e+04  5.044e-04  2.016e-04  3.165e+01  1.039e-02  4.014e-05  2.224e+01 -1.989e-02
 0.0742  1.749e-18  2.161e-18  7.263e-21  5.205e-19  8.176e-25  9.747e-25  6.445e-25  9.991e-01  9.347e-04  9.992e-01  7.635e-04  2.252e-05  9.997e-01  3.054e-04  9.998e-01  1.764e-04  4.894e-07  1.746e+04  5.823e-04  2.247e-04  3.199e+01  1.508e-02  4.376e-05  2.136e+01 -2.130e-02
 0.0751  2.225e-18  2.774e-18  8.958e-21  5.658e-19  1.003e-24  1.206e-24  8.018e-25  9.989e-01  1.078e-03  9.991e-01  9.131e-04  2.555e-05  9.997e-01  3.393e-04  9.998e-01  2.189e-04  6.074e-07  2.075e+04  6.652e-04  2.508e-04  3.258e+01  2.104e-02  4.812e-05  2.061e+01 -2.257e-02
 0.0760  2.235e-18  2.761e-18  1.081e-20  6.149e-19  9.738e-25  1.160e-24  7.668e-25  9.987e-01  1.252e-03  9.989e-01  1.094e-03  2.930e-05  9.996e-01  3.812e-04  9.997e-01  2.718e-04  7.631e-07  2.463e+04  7.663e-04  2.807e-04  3.338e+01  2.857e-02  5.336e-05  1.995e+01 -2.376e-02
 0.0769  2.889e-18  3.606e-18  1.345e-20  6.671e-19  1.212e-24  1.459e-24  9.705e-25  9.985e-01  1.462e-03  9.987e-01  1.315e-03  3.504e-05  9.996e-01  4.348e-04  9.997e-01  3.388e-04  9.555e-07  2.921e+04  8.835e-04  3.161e-04  3.480e+01  3.735e-02  5.981e-05  1.941e+01 -2.476e-02
 0.0778  2.809e-18  3.471e-18  1.632e-20  7.210e-19  1.139e-24  1.356e-24  8.966e-25  9.983e-01  1.715e-03  9.984e-01  1.584e-03  3.956e-05  9.995e-01  5.035e-04  9.996e-01  4.249e-04  1.200e-06  3.450e+04  1.002e-03  3.561e-04  3.627e+01  4.889e-02  6.785e-05  1.906e+01 -2.538e-02
 0.0787  3.633e-18  4.542e-18  2.102e-20  7.778e-19  1.418e-24  1.708e-24  1.137e-24  9.980e-01  2.016e-03  9.980e-01  1.905e-03  4.578e-05  9.994e-01  5.897e-04  9.995e-01  5.322e-04  1.512e-06  4.074e+04  1.153e-03  4.028e-04  3.821e+01  6.293e-02  7.769e-05  1.883e+01 -2.581e-02
 0.0797  3.533e-18  4.370e-18  2.498e-20  8.373e-19  1.333e-24  1.586e-24  1.049e-24  9.976e-01  2.384e-03  9.976e-01  2.299e-03  5.391e-05  9.993e-01  6.992e-04  9.993e-01  6.680e-04  1.917e-06  4.803e+04  1.316e-03  4.578e-04  4.077e+01  7.859e-02  9.004e-05  1.880e+01 -2.575e-02
 0.0807  4.616e-18  5.781e-18  3.179e-20  9.005e-19  1.675e-24  2.019e-24  1.345e-24  9.972e-01  2.825e-03  9.972e-01  2.774e-03  6.151e-05  9.992e-01  8.380e-04  9.992e-01  8.389e-04  2.436e-06  5.646e+04  1.491e-03  5.211e-04  4.355e+01  9.846e-02  1.054e-04  1.893e+01 -2.542e-02
 0.0815  4.388e-18  5.431e-18  3.620e-20  9.518e-19  1.550e-24  1.843e-24  1.219e-24  9.967e-01  3.257e-03  9.967e-01  3.247e-03  6.682e-05  9.990e-01  9.812e-04  9.990e-01  1.015e-03  2.972e-06  6.424e+04  1.682e-03  5.808e-04  4.601e+01  1.189e-01  1.213e-04  1.926e+01 -2.454e-02
 0.0823  5.599e-18  7.017e-18  4.387e-20  1.005e-18  1.916e-24  2.308e-24  1.538e-24  9.962e-01  3.762e-03  9.961e-01  3.797e-03  7.534e-05  9.988e-01  1.152e-03  9.988e-01  1.227e-03  3.626e-06  7.295e+04  1.852e-03  6.489e-04  4.914e+01  1.385e-01  1.402e-04  1.972e+01 -2.340e-02
 0.0831  5.270e-18  6.536e-18  5.231e-20  1.060e-18  1.754e-24  2.087e-24  1.381e-24  9.957e-01  4.349e-03  9.955e-01  4.439e-03  8.352e-05  9.986e-01  1.362e-03  9.985e-01  1.483e-03  4.427e-06  8.279e+04  2.052e-03  7.276e-04  5.282e+01  1.638e-01  1.633e-04  2.040e+01 -2.174e-02
 0.0839  6.693e-18  8.408e-18  6.363e-20  1.116e-18  2.157e-24  2.601e-24  1.735e-24  9.950e-01  5.040e-03  9.947e-01  5.199e-03  9.361e-05  9.984e-01  1.616e-03  9.982e-01  1.794e-03  5.430e-06  9.374e+04  2.246e-03  8.192e-04  5.742e+01  1.898e-01  1.911e-04  2.120e+01 -1.991e-02
 0.0848  6.171e-18  7.673e-18  7.520e-20  1.173e-18  1.934e-24  2.302e-24  1.524e-24  9.941e-01  5.852e-03  9.938e-01  6.089e-03  1.028e-04  9.981e-01  1.928e-03  9.978e-01  2.170e-03  6.661e-06  1.060e+05  2.467e-03  9.204e-04  6.128e+01  2.197e-01  2.251e-04  2.224e+01 -1.761e-02
 0.0856  7.924e-18  9.984e-18  9.281e-20  1.231e-18  2.404e-24  2.901e-24  1.937e-24  9.932e-01  6.795e-03  9.928e-01  7.128e-03  1.143e-04  9.977e-01  2.304e-03  9.974e-01  2.625e-03  8.160e-06  1.196e+05  2.692e-03  1.039e-03  6.639e+01  2.544e-01  2.660e-04  2.339e+01 -1.530e-02
 0.0865  7.209e-18  8.984e-18  1.058e-19  1.289e-18  2.127e-24  2.531e-24  1.677e-24  9.921e-01  7.910e-03  9.915e-01  8.360e-03  1.237e-04  9.972e-01  2.770e-03  9.968e-01  3.181e-03  1.000e-05  1.349e+05  2.963e-03  1.174e-03  7.094e+01  2.949e-01  3.166e-04  2.481e+01 -1.261e-02
 0.0874  9.406e-18  1.188e-17  1.240e-19  1.350e-18  2.685e-24  3.243e-24  2.168e-24  9.908e-01  9.209e-03  9.901e-01  9.797e-03  1.366e-04  9.967e-01  3.334e-03  9.961e-01  3.856e-03  1.226e-05  1.520e+05  3.251e-03  1.331e-03  7.637e+01  3.363e-01  3.777e-04  2.633e+01 -1.007e-02
 0.0883  8.559e-18  1.068e-17  1.440e-19  1.412e-18  2.375e-24  2.824e-24  1.872e-24  9.892e-01  1.076e-02  9.883e-01  1.151e-02  1.535e-04  9.960e-01  4.037e-03  9.953e-01  4.686e-03  1.510e-05  1.710e+05  3.546e-03  1.518e-03  8.345e+01  3.842e-01  4.537e-04  2.815e+01 -7.285e-03
 0.0892  1.110e-17  1.406e-17  1.662e-19  1.475e-18  2.979e-24  3.602e-24  2.411e-24  9.874e-01  1.260e-02  9.863e-01  1.354e-02  1.682e-04  9.951e-01  4.903e-03  9.943e-01  5.705e-03  1.859e-05  1.922e+05  3.872e-03  1.732e-03  8.961e+01  4.383e-01  5.469e-04  3.010e+01 -4.717e-03
 0.0901  1.005e-17  1.257e-17  1.919e-19  1.539e-18  2.622e-24  3.116e-24  2.066e-24  9.852e-01  1.479e-02  9.839e-01  1.595e-02  1.858e-04  9.940e-01  5.985e-03  9.930e-01  6.964e-03  2.292e-05  2.157e+05  4.220e-03  1.986e-03  9.709e+01  4.975e-01  6.632e-04  3.237e+01 -2.068e-03
 0.0910  1.304e-17  1.656e-17  2.082e-19  1.603e-18  3.289e-24  3.979e-24  2.667e-24  9.826e-01  1.739e-02  9.810e-01  1.883e-02  2.065e-04  9.927e-01  7.324e-03  9.915e-01  8.514e-03  2.831e-05  2.419e+05  4.610e-03  2.286e-03  1.053e+02  5.640e-01  8.061e-04  3.477e+01  2.872e-04
 0.0920  1.179e-17  1.475e-17  2.289e-19  1.668e-18  2.890e-24  3.435e-24  2.280e-24  9.795e-01  2.053e-02  9.775e-01  2.228e-02  2.310e-04  9.910e-01  9.002e-03  9.895e-01  1.044e-02  3.505e-05  2.708e+05  5.004e-03  2.643e-03  1.141e+02  6.352e-01  9.853e-04  3.752e+01  2.606e-03
 0.0930  1.543e-17  1.962e-17  2.550e-19  1.734e-18  3.654e-24  4.424e-24  2.969e-24  9.757e-01  2.431e-02  9.733e-01  2.642e-02  2.620e-04  9.889e-01  1.110e-02  9.871e-01  1.282e-02  4.346e-05  3.031e+05  5.468e-03  3.068e-03  1.243e+02  7.132e-01  1.207e-03  4.042e+01  4.613e-03
 0.0938  1.389e-17  1.745e-17  3.115e-19  1.786e-18  3.216e-24  3.825e-24  2.542e-24  9.719e-01  2.806e-02  9.692e-01  3.050e-02  2.888e-04  9.868e-01  1.325e-02  9.847e-01  1.525e-02  5.199e-05  3.314e+05  5.904e-03  3.494e-03  1.349e+02  7.797e-01  1.439e-03  4.312e+01  6.209e-03
 0.0945  1.773e-17  2.260e-17  3.516e-19  1.839e-18  3.990e-24  4.828e-24  3.243e-24  9.677e-01  3.233e-02  9.645e-01  3.517e-02  3.153e-04  9.842e-01  1.578e-02  9.818e-01  1.811e-02  6.224e-05  3.620e+05  6.272e-03  3.958e-03  1.419e+02  8.527e-01  1.709e-03  4.591e+01  7.604e-03
 0.0954  1.587e-17  2.002e-17  4.070e-19  1.891e-18  3.490e-24  4.156e-24  2.767e-24  9.627e-01  3.733e-02  9.590e-01  4.061e-02  3.501e-04  9.812e-01  1.884e-02  9.784e-01  2.154e-02  7.454e-05  3.951e+05  6.683e-03  4.510e-03  1.524e+02  9.302e-01  2.037e-03  4.903e+01  8.926e-03
 0.0962  2.047e-17  2.614e-17  4.369e-19  1.944e-18  4.375e-24  5.295e-24  3.561e-24  9.569e-01  4.315e-02  9.527e-01  4.690e-02  3.914e-04  9.775e-01  2.250e-02  9.743e-01  2.559e-02  8.938e-05  4.312e+05  7.153e-03  5.144e-03  1.634e+02  1.013e+00  2.426e-03  5.224e+01  1.005e-02
 0.0970  1.819e-17  2.301e-17  4.830e-19  1.997e-18  3.798e-24  4.530e-24  3.022e-24  9.500e-01  5.002e-02  9.453e-01  5.429e-02  4.384e-04  9.730e-01  2.697e-02  9.694e-01  3.051e-02  1.076e-04  4.701e+05  7.605e-03  5.894e-03  1.758e+02  1.103e+00  2.903e-03  5.579e+01  1.108e-02
 0.0978  1.822e-17  2.277e-17  5.086e-19  2.050e-18  3.715e-24  4.372e-24  2.896e-24  9.417e-01  5.831e-02  9.363e-01  6.322e-02  4.900e-04  9.674e-01  3.256e-02  9.632e-01  3.666e-02  1.295e-04  5.122e+05  8.085e-03  6.790e-03  1.878e+02  1.211e+00  3.501e-03  5.950e+01  1.194e-02
 0.0987  1.959e-17  2.453e-17  5.342e-19  2.103e-18  3.891e-24  4.589e-24  3.045e-24  9.320e-01  6.797e-02  9.259e-01  7.357e-02  5.462e-04  9.607e-01  3.929e-02  9.558e-01  4.402e-02  1.562e-04  5.576e+05  8.595e-03  7.825e-03  2.002e+02  1.317e+00  4.221e-03  6.342e+01  1.266e-02
 0.0996  2.091e-17  2.616e-17  5.584e-19  2.155e-18  4.046e-24  4.770e-24  3.167e-24  9.207e-01  7.932e-02  9.138e-01  8.563e-02  6.173e-04  9.525e-01  4.745e-02  9.470e-01  5.283e-02  1.889e-04  6.065e+05  9.111e-03  9.041e-03  2.153e+02  1.424e+00  5.092e-03  6.757e+01  1.326e-02
 0.1004  2.258e-17  2.824e-17  5.849e-19  2.206e-18  4.257e-24  5.019e-24  3.334e-24  9.074e-01  9.258e-02  8.997e-01  9.962e-02  6.948e-04  9.427e-01  5.733e-02  9.364e-01  6.338e-02  2.284e-04  6.593e+05  9.681e-03  1.045e-02  2.315e+02  1.546e+00  6.141e-03  7.201e+01  1.373e-02
 0.1013  2.463e-17  3.081e-17  6.333e-19  2.259e-18  4.523e-24  5.334e-24  3.546e-24  8.919e-01  1.081e-01  8.833e-01  1.159e-01  7.848e-04  9.307e-01  6.927e-02  9.237e-01  7.602e-02  2.765e-04  7.166e+05  1.031e-02  1.209e-02  2.466e+02  1.672e+00  7.410e-03  7.679e+01  1.409e-02
 0.1022  2.685e-17  3.364e-17  7.130e-19  2.310e-18  4.800e-24  5.665e-24  3.771e-24  8.737e-01  1.263e-01  8.644e-01  1.347e-01  8.931e-04  9.163e-01  8.369e-02  9.085e-01  9.112e-02  3.358e-04  7.782e+05  1.091e-02  1.403e-02  2.677e+02  1.808e+00  8.943e-03  8.188e+01  1.433e-02
 0.1031  2.980e-17  3.746e-17  8.364e-19  2.362e-18  5.186e-24  6.131e-24  4.087e-24  8.525e-01  1.475e-01  8.425e-01  1.565e-01  1.015e-03  8.990e-01  1.010e-01  8.905e-01  1.091e-01  4.079e-04  8.450e+05  1.164e-02  1.626e-02  2.868e+02  1.963e+00  1.078e-02  8.742e+01  1.445e-02
 0.1041  3.297e-17  4.161e-17  9.684e-19  2.414e-18  5.584e-24  6.617e-24  4.421e-24  8.280e-01  1.720e-01  8.173e-01  1.815e-01  1.164e-03  8.784e-01  1.216e-01  8.691e-01  1.304e-01  4.969e-04  9.168e+05  1.231e-02  1.885e-02  3.070e+02  2.115e+00  1.299e-02  9.331e+01  1.445e-02
 0.1031  2.980e-17  3.746e-17  8.364e-19  2.362e-18  5.186e-24  6.131e-24  4.087e-24  8.525e-01  1.475e-01  8.425e-01  1.565e-01  1.015e-03  8.990e-01  1.010e-01  8.905e-01  1.091e-01  4.079e-04  8.450e+05  1.771e-33  1.626e-02  2.868e+02  1.963e+00  1.078e-02  8.742e+01  1.445e-02
 0.1041  3.299e-17  4.164e-17  9.756e-19  2.414e-18  5.586e-24  6.620e-24  4.423e-24  8.280e-01  1.720e-01  8.173e-01  1.815e-01  1.166e-03  8.784e-01  1.216e-01  8.691e-01  1.304e-01  4.970e-04  9.169e+05  1.233e-02  1.885e-02  3.081e+02  2.116e+00  1.299e-02  9.331e+01  1.445e-02
 0.1050  3.697e-17  4.688e-17  1.135e-18  2.466e-18  6.090e-24  7.243e-24  4.852e-24  8.001e-01  1.999e-01  7.887e-01  2.100e-01  1.331e-03  8.540e-01  1.460e-01  8.441e-01  1.553e-01  6.050e-04  9.944e+05  1.306e-02  2.181e-02  3.298e+02  2.284e+00  1.559e-02  9.964e+01  1.432e-02
 0.1059  4.202e-17  5.362e-17  1.359e-18  2.518e-18  6.731e-24  8.044e-24  5.408e-24  7.683e-01  2.317e-01  7.565e-01  2.419e-01  1.527e-03  8.256e-01  1.744e-01  8.151e-01  1.842e-01  7.367e-04  1.078e+06  1.385e-02  2.519e-02  3.563e+02  2.462e+00  1.864e-02  1.064e+02  1.406e-02
 0.1069  4.823e-17  6.202e-17  1.597e-18  2.569e-18  7.509e-24  9.035e-24  6.104e-24  7.328e-01  2.672e-01  7.207e-01  2.776e-01  1.758e-03  7.928e-01  2.072e-01  7.818e-01  2.173e-01  8.967e-04  1.168e+06  1.468e-02  2.897e-02  3.810e+02  2.644e+00  2.217e-02  1.136e+02  1.368e-02
 0.1077  5.495e-17  7.133e-17  1.818e-18  2.608e-18  8.357e-24  1.015e-23  6.901e-24  7.006e-01  2.994e-01  6.883e-01  3.097e-01  1.981e-03  7.622e-01  2.378e-01  7.508e-01  2.481e-01  1.050e-03  1.245e+06  1.546e-02  3.248e-02  4.074e+02  2.803e+00  2.551e-02  1.198e+02  1.328e-02
 0.1085  6.300e-17  8.262e-17  1.886e-18  2.647e-18  9.354e-24  1.151e-23  7.893e-24  6.662e-01  3.338e-01  6.538e-01  3.440e-01  2.219e-03  7.288e-01  2.712e-01  7.170e-01  2.817e-01  1.229e-03  1.327e+06  1.617e-02  3.620e-02  4.332e+02  2.969e+00  2.916e-02  1.262e+02  1.279e-02
 0.1093  7.313e-17  9.733e-17  1.998e-18  2.685e-18  1.059e-23  1.325e-23  9.191e-24  6.297e-01  3.703e-01  6.173e-01  3.802e-01  2.488e-03  6.924e-01  3.076e-01  6.805e-01  3.181e-01  1.436e-03  1.413e+06  1.692e-02  4.016e-02  4.555e+02  3.143e+00  3.314e-02  1.328e+02  1.224e-02
 0.1101  8.577e-17  1.166e-16  2.150e-18  2.723e-18  1.210e-23  1.549e-23  1.091e-23  5.911e-01  4.089e-01  5.790e-01  4.182e-01  2.787e-03  6.530e-01  3.470e-01  6.411e-01  3.573e-01  1.674e-03  1.505e+06  1.767e-02  4.433e-02  4.765e+02  3.347e+00  3.746e-02  1.396e+02  1.161e-02
 0.1109  1.035e-16  1.451e-16  2.437e-18  2.761e-18  1.419e-23  1.877e-23  1.351e-23  5.508e-01  4.492e-01  5.392e-01  4.577e-01  3.120e-03  6.109e-01  3.891e-01  5.992e-01  3.989e-01  1.947e-03  1.603e+06  1.851e-02  4.875e-02  5.064e+02  3.563e+00  4.207e-02  1.466e+02  1.092e-02
 0.1117  1.251e-16  1.836e-16  2.637e-18  2.795e-18  1.660e-23  2.303e-23  1.717e-23  5.090e-01  4.910e-01  4.980e-01  4.985e-01  3.491e-03  5.661e-01  4.339e-01  5.548e-01  4.429e-01  2.262e-03  1.704e+06  1.917e-02  5.337e-02  5.346e+02  3.768e+00  4.699e-02  1.534e+02  1.018e-02
 0.1126  1.592e-16  2.507e-16  2.873e-18  2.830e-18  2.034e-23  3.030e-23  2.392e-23  4.666e-01  5.334e-01  4.564e-01  5.397e-01  3.900e-03  5.197e-01  4.803e-01  5.089e-01  4.884e-01  2.615e-03  1.813e+06  2.010e-02  5.808e-02  5.676e+02  3.972e+00  5.208e-02  1.605e+02  9.399e-03
 0.1134  2.114e-16  3.677e-16  3.226e-18  2.865e-18  2.575e-23  4.236e-23  3.667e-23  4.237e-01  5.763e-01  4.145e-01  5.812e-01  4.347e-03  4.718e-01  5.282e-01  4.618e-01  5.352e-01  3.019e-03  1.928e+06  2.098e-02  6.286e-02  5.931e+02  4.185e+00  5.735e-02  1.677e+02  8.592e-03
 0.1143  2.968e-16  5.567e-16  3.721e-18  2.900e-18  3.461e-23  6.130e-23  5.757e-23  3.810e-01  6.190e-01  3.729e-01  6.223e-01  4.860e-03  4.231e-01  5.769e-01  4.139e-01  5.826e-01  3.478e-03  2.051e+06  2.203e-02  6.777e-02  6.409e+02  4.397e+00  6.271e-02  1.750e+02  7.774e-03
 0.1151  4.349e-16  8.146e-16  4.236e-18  2.935e-18  4.961e-23  8.783e-23  8.254e-23  3.389e-01  6.611e-01  3.320e-01  6.625e-01  5.433e-03  3.742e-01  6.258e-01  3.660e-01  6.300e-01  4.003e-03  2.180e+06  2.295e-02  7.261e-02  6.788e+02  4.632e+00  6.811e-02  1.823e+02  6.952e-03
 0.1160  6.784e-16  1.146e-15  4.590e-18  2.969e-18  7.776e-23  1.249e-22  1.059e-22  2.984e-01  7.016e-01  2.927e-01  7.012e-01  6.057e-03  3.261e-01  6.739e-01  3.188e-01  6.766e-01  4.595e-03  2.317e+06  2.393e-02  7.729e-02  7.111e+02  4.873e+00  7.342e-02  1.894e+02  6.145e-03
 0.1169  1.147e-15  1.573e-15  4.984e-18  3.003e-18  1.348e-22  1.767e-22  1.274e-22  2.599e-01  7.401e-01  2.556e-01  7.376e-01  6.735e-03  2.796e-01  7.204e-01  2.735e-01  7.213e-01  5.256e-03  2.462e+06  2.495e-02  8.180e-02  7.455e+02  5.134e+00  7.852e-02  1.962e+02  5.367e-03
 0.1178  2.035e-15  2.189e-15  5.225e-18  3.033e-18  2.438e-22  2.515e-22  1.589e-22  2.240e-01  7.760e-01  2.212e-01  7.713e-01  7.475e-03  2.355e-01  7.645e-01  2.307e-01  7.633e-01  5.990e-03  2.614e+06  2.584e-02  8.608e-02  7.838e+02  5.407e+00  8.331e-02  2.025e+02  4.631e-03
 0.1187  3.266e-15  3.320e-15  5.465e-18  3.062e-18  3.857e-22  3.762e-22  2.314e-22  1.914e-01  8.086e-01  1.901e-01  8.016e-01  8.263e-03  1.947e-01  8.053e-01  1.913e-01  8.019e-01  6.790e-03  2.775e+06  2.693e-02  8.998e-02  8.165e+02  5.678e+00  8.767e-02  2.087e+02  3.957e-03
 0.1196  4.793e-15  5.221e-15  5.836e-18  3.090e-18  5.474e-22  5.727e-22  3.579e-22  1.622e-01  8.378e-01  1.623e-01  8.286e-01  9.124e-03  1.577e-01  8.423e-01  1.556e-01  8.367e-01  7.670e-03  2.945e+06  2.814e-02  9.359e-02  8.547e+02  5.957e+00  9.158e-02  2.148e+02  3.346e-03
 0.1205  7.144e-15  7.744e-15  6.220e-18  3.118e-18  7.978e-22  8.325e-22  5.071e-22  1.364e-01  8.636e-01  1.378e-01  8.521e-01  1.005e-02  1.248e-01  8.752e-01  1.239e-01  8.675e-01  8.638e-03  3.124e+06  2.921e-02  9.688e-02  8.959e+02  6.254e+00  9.501e-02  2.205e+02  2.804e-03
 0.1215  1.097e-14  1.056e-14  6.906e-18  3.147e-18  1.218e-21  1.131e-21  6.470e-22  1.143e-01  8.857e-01  1.169e-01  8.721e-01  1.104e-02  9.622e-02  9.038e-01  9.630e-02  8.940e-01  9.692e-03  3.316e+06  3.062e-02  9.976e-02  9.303e+02  6.528e+00  9.789e-02  2.266e+02  2.337e-03
 0.1224  1.624e-14  1.309e-14  7.668e-18  3.175e-18  1.802e-21  1.400e-21  7.547e-22  9.560e-02  9.044e-01  9.933e-02  8.885e-01  1.212e-02  7.193e-02  9.281e-01  7.292e-02  9.162e-01  1.085e-02  3.517e+06  3.183e-02  1.024e-01  9.801e+02  6.859e+00  1.002e-01  2.322e+02  1.938e-03
 0.1234  2.221e-14  1.548e-14  8.415e-18  3.203e-18  2.448e-21  1.641e-21  8.488e-22  8.041e-02  9.196e-01  8.462e-02  9.016e-01  1.378e-02  5.199e-02  9.480e-01  5.321e-02  9.341e-01  1.273e-02  3.729e+06  3.311e-02  1.048e-01  1.019e+03  7.194e+00  1.022e-01  2.379e+02  1.612e-03
 0.1241  3.091e-14  2.022e-14  8.539e-18  3.221e-18  3.399e-21  2.153e-21  1.009e-21  6.191e-02  9.381e-01  6.734e-02  9.172e-01  1.549e-02  2.920e-02  9.708e-01  3.272e-02  9.526e-01  1.470e-02  3.907e+06  3.417e-02  1.083e-01  1.068e+03  7.517e+00  1.054e-01  2.423e+02  1.214e-03
 0.1249  4.141e-14  2.601e-14  8.856e-18  3.239e-18  4.527e-21  2.755e-21  1.213e-21  4.687e-02  9.531e-01  5.409e-02  9.287e-01  1.723e-02  1.199e-02  9.880e-01  1.730e-02  9.660e-01  1.673e-02  4.092e+06  3.528e-02  1.102e-01  1.133e+03  7.784e+00  1.063e-01  2.468e+02  8.882e-04
 0.1257  4.992e-14  3.136e-14  9.261e-18  3.256e-18  5.357e-21  3.265e-21  1.417e-21  3.805e-02  9.619e-01  4.487e-02  9.361e-01  1.901e-02  3.363e-03  9.966e-01  7.363e-03  9.738e-01  1.886e-02  4.286e+06  3.640e-02  1.118e-01  1.206e+03  8.067e+00  1.064e-01  2.511e+02  6.935e-04
 0.1265  5.702e-14  3.618e-14  9.666e-18  3.272e-18  5.991e-21  3.688e-21  1.609e-21  3.463e-02  9.654e-01  4.008e-02  9.391e-01  2.084e-02  9.101e-04  9.991e-01  2.800e-03  9.761e-01  2.108e-02  4.487e+06  3.747e-02  1.132e-01  1.265e+03  8.369e+00  1.063e-01  2.554e+02  6.130e-04
 0.1273  6.278e-14  4.055e-14  1.005e-17  3.287e-18  6.447e-21  4.042e-21  1.784e-21  3.355e-02  9.664e-01  3.812e-02  9.392e-01  2.273e-02  5.226e-04  9.995e-01  1.263e-03  9.754e-01  2.337e-02  4.698e+06  3.870e-02  1.144e-01  1.316e+03  8.673e+00  1.062e-01  2.598e+02  5.833e-04
 0.1282  6.707e-14  4.571e-14  1.085e-17  3.302e-18  6.697e-21  4.467e-21  1.970e-21  3.314e-02  9.669e-01  3.745e-02  9.379e-01  2.465e-02  4.577e-04  9.995e-01  8.463e-04  9.734e-01  2.574e-02  4.918e+06  3.993e-02  1.156e-01  1.359e+03  8.965e+00  1.060e-01  2.643e+02  5.690e-04
 0.1290  7.208e-14  5.108e-14  1.221e-17  3.319e-18  7.041e-21  4.889e-21  2.160e-21  3.297e-02  9.670e-01  3.716e-02  9.361e-01  2.670e-02  4.257e-04  9.996e-01  7.018e-04  9.710e-01  2.828e-02  5.149e+06  4.136e-02  1.173e-01  1.456e+03  9.270e+00  1.059e-01  2.692e+02  5.610e-04
 0.1298  7.700e-14  5.557e-14  1.291e-17  3.334e-18  7.369e-21  5.191e-21  2.329e-21  3.294e-02  9.671e-01  3.699e-02  9.340e-01  2.900e-02  3.953e-04  9.996e-01  6.210e-04  9.683e-01  3.111e-02  5.390e+06  4.254e-02  1.185e-01  1.469e+03  9.587e+00  1.058e-01  2.738e+02  5.542e-04
 0.1306  8.209e-14  5.993e-14  1.351e-17  3.349e-18  7.705e-21  5.477e-21  2.485e-21  3.299e-02  9.670e-01  3.697e-02  9.316e-01  3.140e-02  3.699e-04  9.996e-01  5.678e-04  9.653e-01  3.409e-02  5.640e+06  4.377e-02  1.202e-01  1.545e+03  9.915e+00  1.059e-01  2.786e+02  5.493e-04
 0.1315  8.748e-14  6.236e-14  1.368e-17  3.360e-18  8.091e-21  5.552e-21  2.591e-21  3.321e-02  9.668e-01  3.702e-02  9.291e-01  3.389e-02  3.467e-04  9.997e-01  5.234e-04  9.623e-01  3.719e-02  5.898e+06  4.473e-02  1.221e-01  1.631e+03  1.030e+01  1.059e-01  2.830e+02  5.450e-04
 0.1324  9.334e-14  6.544e-14  1.381e-17  3.370e-18  8.494e-21  5.718e-21  2.689e-21  3.335e-02  9.666e-01  3.723e-02  9.264e-01  3.635e-02  3.259e-04  9.997e-01  4.969e-04  9.592e-01  4.030e-02  6.167e+06  4.611e-02  1.239e-01  1.698e+03  1.064e+01  1.060e-01  2.877e+02  5.416e-04
 0.1332  9.964e-14  6.916e-14  1.418e-17  3.380e-18  8.915e-21  5.941e-21  2.788e-21  3.350e-02  9.665e-01  3.747e-02  9.237e-01  3.879e-02  3.052e-04  9.997e-01  4.679e-04  9.561e-01  4.343e-02  6.449e+06  4.746e-02  1.257e-01  1.755e+03  1.103e+01  1.062e-01  2.926e+02  5.377e-04
 0.1324  9.334e-14  6.544e-14  1.381e-17  3.370e-18  8.494e-21  5.718e-21  2.689e-21  3.335e-02  9.666e-01  3.723e-02  9.264e-01  3.635e-02  3.259e-04  9.997e-01  4.969e-04  9.592e-01  4.030e-02  6.167e+06  8.063e-33  1.239e-01  1.698e+03  1.063e+01  1.060e-01  2.877e+02  5.416e-04
 0.1324  9.334e-14  6.544e-14  1.381e-17  3.370e-18  8.494e-21  5.718e-21  2.689e-21  3.335e-02  9.666e-01  3.723e-02  9.264e-01  3.635e-02  3.259e-04  9.997e-01  4.969e-04  9.592e-01  4.030e-02  6.167e+06  8.063e-33  1.239e-01  1.698e+03  1.063e+01  1.060e-01  2.877e+02  5.416e-04
 0.1324  9.334e-14  6.544e-14  1.381e-17  3.370e-18  8.494e-21  5.718e-21  2.689e-21  3.335e-02  9.666e-01  3.723e-02  9.264e-01  3.635e-02  3.259e-04  9.997e-01  4.969e-04  9.592e-01  4.030e-02  6.167e+06  8.063e-33  1.239e-01  1.698e+03  1.063e+01  1.060e-01  2.877e+02  5.416e-04
 0.1306  8.209e-14  5.993e-14  1.351e-17  3.349e-18  7.705e-21  5.477e-21  2.485e-21  3.299e-02  9.670e-01  3.697e-02  9.316e-01  3.140e-02  3.699e-04  9.996e-01  5.678e-04  9.653e-01  3.409e-02  5.640e+06  7.555e-33  1.202e-01  1.545e+03  9.921e+00  1.059e-01  2.786e+02  5.493e-04
 0.1315  8.746e-14  6.233e-14  1.367e-17  3.360e-18  8.090e-21  5.549e-21  2.591e-21  3.322e-02  9.668e-01  3.702e-02  9.291e-01  3.389e-02  3.467e-04  9.997e-01  5.234e-04  9.623e-01  3.719e-02  5.898e+06  4.468e-02  1.219e-01  1.602e+03  1.031e+01  1.059e-01  2.830e+02  5.449e-04
 0.1324  9.330e-14  6.543e-14  1.387e-17  3.370e-18  8.490e-21  5.717e-21  2.688e-21  3.338e-02  9.666e-01  3.726e-02  9.264e-01  3.633e-02  3.260e-04  9.997e-01  4.971e-04  9.592e-01  4.029e-02  6.167e+06  4.604e-02  1.237e-01  1.676e+03  1.065e+01  1.060e-01  2.877e+02  5.416e-04
 0.1332  9.967e-14  6.915e-14  1.418e-17  3.380e-18  8.919e-21  5.940e-21  2.788e-21  3.348e-02  9.665e-01  3.745e-02  9.237e-01  3.882e-02  3.053e-04  9.997e-01  4.679e-04  9.561e-01  4.344e-02  6.449e+06  4.753e-02  1.257e-01  1.748e+03  1.100e+01  1.062e-01  2.926e+02  5.378e-04
 0.1341  1.063e-13  7.335e-14  1.471e-17  3.388e-18  9.343e-21  6.194e-21  2.890e-21  3.360e-02  9.664e-01  3.764e-02  9.210e-01  4.135e-02  2.854e-04  9.997e-01  4.379e-04  9.529e-01  4.665e-02  6.741e+06  4.886e-02  1.282e-01  1.882e+03  1.139e+01  1.064e-01  2.975e+02  5.334e-04
 0.1350  1.134e-13  7.794e-14  1.527e-17  3.397e-18  9.795e-21  6.467e-21  2.998e-21  3.374e-02  9.663e-01  3.785e-02  9.182e-01  4.390e-02  2.669e-04  9.997e-01  4.084e-04  9.496e-01  4.998e-02  7.046e+06  5.025e-02  1.295e-01  1.847e+03  1.178e+01  1.066e-01  3.024e+02  5.293e-04
 0.1359  1.205e-13  8.522e-14  1.645e-17  3.405e-18  1.016e-20  6.982e-21  3.151e-21  3.366e-02  9.663e-01  3.798e-02  9.154e-01  4.659e-02  2.494e-04  9.998e-01  3.802e-04  9.462e-01  5.342e-02  7.366e+06  5.196e-02  1.326e-01  2.019e+03  1.205e+01  1.069e-01  3.078e+02  5.251e-04
 0.1359  1.205e-13  8.522e-14  1.645e-17  3.405e-18  1.016e-20  6.982e-21  3.151e-21  3.366e-02  9.663e-01  3.798e-02  9.154e-01  4.659e-02  2.494e-04  9.998e-01  3.802e-04  9.462e-01  5.342e-02  7.366e+06  9.163e-33  1.326e-01  2.019e+03  1.205e+01  1.069e-01  3.078e+02  5.251e-04
 0.1368  1.278e-13  9.227e-14  1.778e-17  3.413e-18  1.055e-20  7.419e-21  3.310e-21  3.377e-02  9.662e-01  3.807e-02  9.125e-01  4.947e-02  2.332e-04  9.998e-01  3.451e-04  9.425e-01  5.715e-02  7.698e+06  5.335e-02  1.356e-01  2.155e+03  1.247e+01  1.073e-01  3.130e+02  5.207e-04
 0.1377  1.360e-13  9.963e-14  1.911e-17  3.420e-18  1.102e-20  7.858e-21  3.476e-21  3.386e-02  9.661e-01  3.813e-02  9.093e-01  5.261e-02  2.185e-04  9.998e-01  3.157e-04  9.385e-01  6.116e-02  8.044e+06  5.490e-02  1.389e-01  2.329e+03  1.285e+01  1.078e-01  3.184e+02  5.167e-04
 0.1386  1.450e-13  1.069e-13  2.019e-17  3.427e-18  1.153e-20  8.260e-21  3.639e-21  3.398e-02  9.660e-01  3.825e-02  9.058e-01  5.592e-02  2.039e-04  9.998e-01  2.890e-04  9.342e-01  6.548e-02  8.404e+06  5.643e-02  1.410e-01  2.326e+03  1.327e+01  1.083e-01  3.238e+02  5.124e-04
 0.1395  1.562e-13  1.119e-13  2.073e-17  3.432e-18  1.230e-20  8.438e-21  3.765e-21  3.419e-02  9.658e-01  3.836e-02  9.023e-01  5.938e-02  1.901e-04  9.998e-01  2.657e-04  9.297e-01  7.002e-02  8.778e+06  5.785e-02  1.434e-01  2.336e+03  1.371e+01  1.089e-01  3.292e+02  5.083e-04
 0.1405  1.682e-13  1.177e-13  2.116e-17  3.435e-18  1.305e-20  8.708e-21  3.887e-21  3.428e-02  9.657e-01  3.854e-02  8.985e-01  6.294e-02  1.758e-04  9.998e-01  2.492e-04  9.251e-01  7.466e-02  9.167e+06  5.949e-02  1.475e-01  2.515e+03  1.412e+01  1.095e-01  3.347e+02  5.036e-04
 0.1414  1.806e-13  1.242e-13  2.188e-17  3.438e-18  1.378e-20  9.032e-21  4.011e-21  3.434e-02  9.657e-01  3.871e-02  8.947e-01  6.655e-02  1.623e-04  9.998e-01  2.325e-04  9.204e-01  7.938e-02  9.572e+06  6.112e-02  1.506e-01  2.590e+03  1.454e+01  1.102e-01  3.402e+02  4.987e-04
 0.1422  1.899e-13  1.324e-13  2.348e-17  3.440e-18  1.423e-20  9.543e-21  4.145e-21  3.427e-02  9.657e-01  3.892e-02  8.916e-01  6.947e-02  1.502e-04  9.998e-01  2.165e-04  9.165e-01  8.329e-02  9.909e+06  6.290e-02  1.537e-01  2.690e+03  1.495e+01  1.108e-01  3.448e+02  4.934e-04
 0.1430  1.988e-13  1.405e-13  2.523e-17  3.441e-18  1.463e-20  9.995e-21  4.283e-21  3.434e-02  9.657e-01  3.902e-02  8.883e-01  7.266e-02  1.415e-04  9.999e-01  2.005e-04  9.123e-01  8.751e-02  1.026e+07  1.158e-32  1.621e-01  3.307e+03  1.533e+01  1.115e-01  3.494e+02  4.897e-04
 0.1437  2.081e-13  1.485e-13  2.677e-17  3.441e-18  1.505e-20  1.040e-20  4.420e-21  3.444e-02  9.656e-01  3.915e-02  8.848e-01  7.606e-02  1.339e-04  9.999e-01  1.863e-04  9.078e-01  9.204e-02  1.061e+07  6.542e-02  1.629e-01  3.119e+03  1.571e+01  1.122e-01  3.539e+02  4.865e-04
 0.1445  2.180e-13  1.560e-13  2.763e-17  3.441e-18  1.554e-20  1.075e-20  4.554e-21  3.454e-02  9.655e-01  3.927e-02  8.811e-01  7.965e-02  1.266e-04  9.999e-01  1.737e-04  9.030e-01  9.685e-02  1.098e+07  6.682e-02  1.649e-01  3.065e+03  1.607e+01  1.130e-01  3.586e+02  4.835e-04
 0.1453  2.281e-13  1.636e-13  2.865e-17  3.440e-18  1.601e-20  1.108e-20  4.684e-21  3.467e-02  9.653e-01  3.943e-02  8.772e-01  8.336e-02  1.195e-04  9.999e-01  1.625e-04  8.980e-01  1.018e-01  1.136e+07  6.818e-02  1.684e-01  3.159e+03  1.647e+01  1.138e-01  3.632e+02  4.804e-04
 0.1461  2.386e-13  1.680e-13  2.867e-17  3.437e-18  1.655e-20  1.114e-20  4.776e-21  3.501e-02  9.650e-01  3.957e-02  8.732e-01  8.719e-02  1.130e-04  9.999e-01  1.523e-04  8.929e-01  1.069e-01  1.175e+07  6.909e-02  1.709e-01  3.128e+03  1.698e+01  1.147e-01  3.674e+02  4.774e-04
 0.1469  2.505e-13  1.729e-13  2.896e-17  3.433e-18  1.718e-20  1.126e-20  4.862e-21  3.517e-02  9.648e-01  3.978e-02  8.693e-01  9.094e-02  1.069e-04  9.999e-01  1.453e-04  8.879e-01  1.120e-01  1.215e+07  7.060e-02  1.761e-01  3.319e+03  1.738e+01  1.156e-01  3.719e+02  4.749e-04
 0.1477  2.632e-13  1.786e-13  2.962e-17  3.428e-18  1.783e-20  1.144e-20  4.948e-21  3.537e-02  9.646e-01  4.006e-02  8.653e-01  9.466e-02  1.007e-04  9.999e-01  1.383e-04  8.828e-01  1.171e-01  1.256e+07  7.206e-02  1.836e-01  3.689e+03  1.781e+01  1.165e-01  3.765e+02  4.719e-04
 0.1477  2.632e-13  1.786e-13  2.962e-17  3.428e-18  1.783e-20  1.144e-20  4.948e-21  3.537e-02  9.646e-01  4.006e-02  8.653e-01  9.466e-02  1.007e-04  9.999e-01  1.383e-04  8.828e-01  1.171e-01  1.256e+07  1.334e-32  1.836e-01  3.689e+03  1.780e+01  1.165e-01  3.765e+02  4.719e-04
 0.1486  2.764e-13  1.849e-13  3.043e-17  3.423e-18  1.848e-20  1.167e-20  5.035e-21  3.550e-02  9.645e-01  4.028e-02  8.613e-01  9.845e-02  9.483e-05  9.999e-01  1.312e-04  8.776e-01  1.223e-01  1.299e+07  7.353e-02  1.864e-01  3.557e+03  1.821e+01  1.175e-01  3.811e+02  4.689e-04
 0.1494  2.900e-13  1.918e-13  3.143e-17  3.418e-18  1.912e-20  1.194e-20  5.126e-21  3.556e-02  9.644e-01  4.043e-02  8.572e-01  1.024e-01  8.923e-05  9.999e-01  1.241e-04  8.723e-01  1.276e-01  1.343e+07  7.507e-02  1.972e-01  4.172e+03  1.862e+01  1.185e-01  3.858e+02  4.656e-04
 0.1502  3.034e-13  1.990e-13  3.235e-17  3.411e-18  1.971e-20  1.220e-20  5.216e-21  3.564e-02  9.644e-01  4.058e-02  8.530e-01  1.064e-01  8.388e-05  9.999e-01  1.171e-04  8.667e-01  1.331e-01  1.388e+07  7.654e-02  2.011e-01  4.055e+03  1.902e+01  1.196e-01  3.904e+02  4.618e-04
 0.1511  3.173e-13  2.105e-13  3.402e-17  3.406e-18  2.024e-20  1.278e-20  5.348e-21  3.549e-02  9.645e-01  4.074e-02  8.487e-01  1.106e-01  7.910e-05  9.999e-01  1.105e-04  8.611e-01  1.388e-01  1.436e+07  7.847e-02  2.053e-01  3.983e+03  1.923e+01  1.208e-01  3.956e+02  4.591e-04
 0.1519  3.302e-13  2.223e-13  3.601e-17  3.400e-18  2.065e-20  1.333e-20  5.485e-21  3.560e-02  9.644e-01  4.092e-02  8.441e-01  1.150e-01  7.447e-05  9.999e-01  1.025e-04  8.551e-01  1.448e-01  1.484e+07  7.989e-02  2.129e-01  4.234e+03  1.970e+01  1.220e-01  4.005e+02  4.561e-04
 0.1528  3.437e-13  2.340e-13  3.791e-17  3.393e-18  2.112e-20  1.383e-20  5.625e-21  3.572e-02  9.643e-01  4.109e-02  8.393e-01  1.196e-01  7.045e-05  9.999e-01  9.515e-05  8.487e-01  1.512e-01  1.534e+07  8.145e-02  2.200e-01  4.443e+03  2.011e+01  1.233e-01  4.055e+02  4.537e-04
 0.1528  3.437e-13  2.340e-13  3.791e-17  3.393e-18  2.112e-20  1.383e-20  5.625e-21  3.572e-02  9.643e-01  4.109e-02  8.393e-01  1.196e-01  7.045e-05  9.999e-01  9.515e-05  8.487e-01  1.512e-01  1.534e+07  1.528e-32  2.200e-01  4.443e+03  2.011e+01  1.233e-01  4.055e+02  4.537e-04
 0.1528  3.437e-13  2.340e-13  3.791e-17  3.393e-18  2.112e-20  1.383e-20  5.625e-21  3.572e-02  9.643e-01  4.109e-02  8.393e-01  1.196e-01  7.045e-05  9.999e-01  9.515e-05  8.487e-01  1.512e-01  1.534e+07  1.528e-32  2.200e-01  4.443e+03  2.011e+01  1.233e-01  4.055e+02  4.537e-04
 0.1537  3.579e-13  2.462e-13  4.031e-17  3.386e-18  2.162e-20  1.433e-20  5.769e-21  3.588e-02  9.641e-01  4.131e-02  8.341e-01  1.246e-01  6.661e-05  9.999e-01  8.853e-05  8.420e-01  1.579e-01  1.585e+07  8.305e-02  2.312e-01  5.025e+03  2.056e+01  1.247e-01  4.105e+02  4.513e-04
 0.1545  3.727e-13  2.583e-13  4.251e-17  3.378e-18  2.217e-20  1.480e-20  5.911e-21  3.612e-02  9.639e-01  4.161e-02  8.286e-01  1.297e-01  6.295e-05  9.999e-01  8.236e-05  8.348e-01  1.651e-01  1.638e+07  8.458e-02  2.299e-01  4.440e+03  2.105e+01  1.262e-01  4.155e+02  4.491e-04
 0.1554  3.873e-13  2.694e-13  4.443e-17  3.368e-18  2.265e-20  1.517e-20  6.042e-21  3.645e-02  9.636e-01  4.190e-02  8.228e-01  1.353e-01  5.945e-05  9.999e-01  7.675e-05  8.273e-01  1.726e-01  1.692e+07  8.563e-02  2.402e-01  4.963e+03  2.172e+01  1.278e-01  4.200e+02  4.472e-04
 0.1563  4.027e-13  2.808e-13  4.647e-17  3.358e-18  2.320e-20  1.554e-20  6.172e-21  3.663e-02  9.634e-01  4.215e-02  8.168e-01  1.411e-01  5.629e-05  9.999e-01  7.189e-05  8.194e-01  1.805e-01  1.748e+07  8.740e-02  2.491e-01  5.299e+03  2.224e+01  1.294e-01  4.249e+02  4.452e-04
 0.1572  4.190e-13  2.928e-13  4.913e-17  3.347e-18  2.377e-20  1.594e-20  6.302e-21  3.693e-02  9.631e-01  4.251e-02  8.106e-01  1.469e-01  5.322e-05  9.999e-01  6.732e-05  8.112e-01  1.887e-01  1.805e+07  8.900e-02  2.502e-01  4.911e+03  2.273e+01  1.312e-01  4.298e+02  4.434e-04
 0.1563  4.027e-13  2.808e-13  4.647e-17  3.358e-18  2.320e-20  1.554e-20  6.172e-21  3.663e-02  9.634e-01  4.215e-02  8.168e-01  1.411e-01  5.629e-05  9.999e-01  7.189e-05  8.194e-01  1.805e-01  1.748e+07  1.668e-32  2.491e-01  5.299e+03  2.223e+01  1.294e-01  4.249e+02  4.452e-04
 0.1572  4.190e-13  2.928e-13  4.909e-17  3.347e-18  2.376e-20  1.594e-20  6.302e-21  3.681e-02  9.632e-01  4.240e-02  8.106e-01  1.470e-01  5.322e-05  9.999e-01  6.732e-05  8.112e-01  1.887e-01  1.805e+07  8.900e-02  2.572e-01  5.510e+03  2.269e+01  1.312e-01  4.298e+02  4.433e-04
 0.1581  4.359e-13  3.051e-13  5.156e-17  3.335e-18  2.434e-20  1.634e-20  6.432e-21  3.703e-02  9.630e-01  4.269e-02  8.040e-01  1.533e-01  5.029e-05  9.999e-01  6.298e-05  8.025e-01  1.974e-01  1.864e+07  9.067e-02  2.615e-01  5.367e+03  2.317e+01  1.330e-01  4.348e+02  4.415e-04
 0.1590  4.542e-13  3.142e-13  5.267e-17  3.322e-18  2.504e-20  1.649e-20  6.534e-21  3.723e-02  9.628e-01  4.288e-02  7.972e-01  1.599e-01  4.751e-05  1.000e+00  5.893e-05  7.935e-01  2.065e-01  1.925e+07  9.236e-02  2.746e-01  5.947e+03  2.368e+01  1.349e-01  4.398e+02  4.398e-04
 0.1599  4.741e-13  3.238e-13  5.388e-17  3.309e-18  2.581e-20  1.669e-20  6.633e-21  3.746e-02  9.625e-01  4.319e-02  7.903e-01  1.665e-01  4.482e-05  1.000e+00  5.568e-05  7.843e-01  2.157e-01  1.988e+07  9.406e-02  2.780e-01  5.713e+03  2.417e+01  1.370e-01  4.447e+02  4.380e-04
 0.1609  4.951e-13  3.342e-13  5.559e-17  3.296e-18  2.660e-20  1.693e-20  6.731e-21  3.764e-02  9.624e-01  4.346e-02  7.832e-01  1.733e-01  4.223e-05  1.000e+00  5.257e-05  7.749e-01  2.250e-01  2.052e+07  9.575e-02  2.931e-01  6.340e+03  2.470e+01  1.391e-01  4.498e+02  4.359e-04
